<?xml version="1.0" encoding="UTF-8"?>
<!-- Generated by org.testng.reporters.JUnitReportReporter -->
<testsuite name="com.bbb.hybrid.testcases.CreateAccountWithAlreadyRegisteredUserTC" tests="1" time="79.973" ignored="0" failures="0" timestamp="26 Feb 2018 17:49:51 GMT" skipped="0" hostname="DESKTOP-LTL258K" errors="0">
  <testcase name="CreateAccountWithAlreadyRegisteredUserTestCase" time="79.973" classname="com.bbb.hybrid.testcases.CreateAccountWithAlreadyRegisteredUserTC"/>
</testsuite> <!-- com.bbb.hybrid.testcases.CreateAccountWithAlreadyRegisteredUserTC -->
